0 info it worked if it ends with ok
1 verbose cli [ 'D:\\Program Files\\unity5.4.0\\Unity\\Editor\\Data\\Tools\\nodejs\\\\node.exe',
1 verbose cli   'D:\\Program Files\\unity5.4.0\\Unity\\Editor\\Data\\Tools\\nodejs\\node_modules\\npm\\bin\\npm-cli.js',
1 verbose cli   'install',
1 verbose cli   '-g',
1 verbose cli   'n' ]
2 info using npm@3.3.3
3 info using node@v0.12.7
4 silly loadCurrentTree Starting
5 silly install loadCurrentTree
6 silly install readGlobalPackageData
7 silly fetchPackageMetaData n
8 silly fetchNamedPackageData n
9 silly mapToRegistry name n
10 silly mapToRegistry using default registry
11 silly mapToRegistry registry https://registry.npmjs.org/
12 silly mapToRegistry uri https://registry.npmjs.org/n
13 verbose request uri https://registry.npmjs.org/n
14 verbose request no auth needed
15 info attempt registry request try #1 at 18:57:33
16 verbose request using bearer token for auth
17 verbose request id c93f40e3250f04c5
18 http request GET https://registry.npmjs.org/n
19 http 200 https://registry.npmjs.org/n
20 silly get cb [ 200,
20 silly get   { date: 'Tue, 15 Oct 2019 10:57:34 GMT',
20 silly get     'content-type': 'application/json',
20 silly get     'transfer-encoding': 'chunked',
20 silly get     connection: 'keep-alive',
20 silly get     'set-cookie': [ '__cfduid=d87d050834cfdc4b2e481d30149b664ff1571137054; expires=Wed, 14-Oct-20 10:57:34 GMT; path=/; domain=.npmjs.org; HttpOnly' ],
20 silly get     'cf-cache-status': 'HIT',
20 silly get     'cache-control': 'max-age=300',
20 silly get     'cf-ray': '526145de2981989f-LAX',
20 silly get     age: '5236',
20 silly get     etag: 'W/"e0373f6d9ecb846ce7830cd94f2a15d9"',
20 silly get     'expect-ct': 'max-age=604800, report-uri="https://report-uri.cloudflare.com/cdn-cgi/beacon/expect-ct"',
20 silly get     'last-modified': 'Tue, 20 Aug 2019 08:52:15 GMT',
20 silly get     vary: 'accept-encoding, accept',
20 silly get     'x-amz-meta-rev': '380-c360f7e61d31db42be964b2502e03d6b',
20 silly get     server: 'cloudflare',
20 silly get     'content-encoding': 'gzip' } ]
21 verbose get saving n to C:\Users\BitBerg\AppData\Roaming\npm-cache\registry.npmjs.org\n\.cache.json
22 silly install normalizeTree
23 silly loadCurrentTree Finishing
24 silly loadIdealTree Starting
25 silly install loadIdealTree
26 silly cloneCurrentTree Starting
27 silly install cloneCurrentTreeToIdealTree
28 silly cloneCurrentTree Finishing
29 silly loadShrinkwrap Starting
30 silly install loadShrinkwrap
31 silly loadShrinkwrap Finishing
32 silly loadAllDepsIntoIdealTree Starting
33 silly install loadAllDepsIntoIdealTree
34 silly rollbackFailedOptional Starting
35 silly rollbackFailedOptional Finishing
36 silly runTopLevelLifecycles Starting
37 silly runTopLevelLifecycles Finishing
38 silly install printInstalled
39 verbose stack Error: Unsupported
39 verbose stack     at checkPlatform (D:\Program Files\unity5.4.0\Unity\Editor\Data\Tools\nodejs\node_modules\npm\node_modules\npm-install-checks\index.js:46:14)
39 verbose stack     at Array.<anonymous> (D:\Program Files\unity5.4.0\Unity\Editor\Data\Tools\nodejs\node_modules\npm\node_modules\slide\lib\bind-actor.js:15:8)
39 verbose stack     at LOOP (D:\Program Files\unity5.4.0\Unity\Editor\Data\Tools\nodejs\node_modules\npm\node_modules\slide\lib\chain.js:15:14)
39 verbose stack     at D:\Program Files\unity5.4.0\Unity\Editor\Data\Tools\nodejs\node_modules\npm\node_modules\slide\lib\chain.js:18:7
39 verbose stack     at checkEngine (D:\Program Files\unity5.4.0\Unity\Editor\Data\Tools\nodejs\node_modules\npm\node_modules\npm-install-checks\index.js:25:10)
39 verbose stack     at Array.<anonymous> (D:\Program Files\unity5.4.0\Unity\Editor\Data\Tools\nodejs\node_modules\npm\node_modules\slide\lib\bind-actor.js:15:8)
39 verbose stack     at LOOP (D:\Program Files\unity5.4.0\Unity\Editor\Data\Tools\nodejs\node_modules\npm\node_modules\slide\lib\chain.js:15:14)
39 verbose stack     at chain (D:\Program Files\unity5.4.0\Unity\Editor\Data\Tools\nodejs\node_modules\npm\node_modules\slide\lib\chain.js:20:5)
39 verbose stack     at module.exports.isInstallable (D:\Program Files\unity5.4.0\Unity\Editor\Data\Tools\nodejs\node_modules\npm\lib\install\validate-args.js:26:3)
39 verbose stack     at Array.<anonymous> (D:\Program Files\unity5.4.0\Unity\Editor\Data\Tools\nodejs\node_modules\npm\node_modules\slide\lib\bind-actor.js:15:8)
40 verbose pkgid n@6.0.1
41 verbose cwd D:\Desktop\psychological
42 error Windows_NT 6.3.9600
43 error argv "D:\\Program Files\\unity5.4.0\\Unity\\Editor\\Data\\Tools\\nodejs\\\\node.exe" "D:\\Program Files\\unity5.4.0\\Unity\\Editor\\Data\\Tools\\nodejs\\node_modules\\npm\\bin\\npm-cli.js" "install" "-g" "n"
44 error node v0.12.7
45 error npm  v3.3.3
46 error code EBADPLATFORM
47 error notsup Unsupported
47 error notsup Not compatible with your operating system or architecture: n@6.0.1
47 error notsup Valid OS:    !win32
47 error notsup Valid Arch:  any
47 error notsup Actual OS:   win32
47 error notsup Actual Arch: x64
48 verbose exit [ 1, true ]
